Plugins:
  - Community Branch Plugin 1.15.0-SNAPSHOT (communityBranchPlugin)
Bundled analyzers:
  - Python Code Quality and Security 4.3.0.11660 (python)
  - Clean as You Code 2.0.0.334 (cayc)
  - Go Code Quality and Security 1.13.0.4374 (go)
  - JaCoCo 1.3.0.1538 (jacoco)
  - Kotlin Code Quality and Security 2.15.0.2579 (kotlin)
  - IaC Code Quality and Security 1.17.0.3976 (iac)
  - JavaScript/TypeScript/CSS Code Quality and Security 10.3.1.21905 (javascript)
  - Ruby Code Quality and Security 1.13.0.4374 (ruby)
  - Scala Code Quality and Security 1.13.0.4374 (sonarscala)
  - C# Code Quality and Security 9.3.0.71466 (csharp)
  - Java Code Quality and Security 7.20.0.31692 (java)
  - HTML Code Quality and Security 3.8.0.3510 (web)
  - Flex Code Quality and Security 2.9.0.3375 (flex)
  - XML Code Quality and Security 2.8.1.4006 (xml)
  - PHP Code Quality and Security 3.30.0.9766 (php)
  - Text Code Quality and Security 2.1.0.1163 (text)
  - VB.NET Code Quality and Security 9.3.0.71466 (vbnet)
  - Configuration detection fot Code Quality and Security 1.2.0.267 (config)
Global server settings:
  - com.github.mc1arke.sonarqube.plugin.branch.image-url-base=https://raw.githubusercontent.com/mc1arke/sonarqube-community-branch-plugin/master/src/main/resources/static
  - sonar.core.id=243B8A4D-AYpvo-_cXot6655PlnpI
  - sonar.core.serverBaseURL=https://sonar.transfer-flow.studio
  - sonar.core.startTime=2023-09-21T12:12:16+0000
  - sonar.forceAuthentication=true
  - sonar.lf.logoUrl=https://media.discordapp.net/attachments/1131856937298956309/1143843488304209941/logo_with_text_dark.png?width=694&height=238
  - sonar.plugins.risk.consent=ACCEPTED
Project server settings:
Project scanner properties:
  - sonar.cpd.exclusions=src/app/login/**, src/app/register/**, src/app/dashboard-all-support/**, src/app/dashboard-all-users/**
  - sonar.exclusions=**/node_modules/**, main.ts, src/app/app.module.ts, polyfills.ts, src/main.ts, src/app/app-routing.module.ts, src/environments/environment.ts, src/environments/environment.azure.ts
  - sonar.host.url=https://sonar.transfer-flow.studio
  - sonar.javascript.lcov.reportPaths=./coverage/lcov.info
  - sonar.organization=transfer-flow-inc
  - sonar.projectBaseDir=D:\Windows\Bureau\t-flow
  - sonar.projectKey=transfer-flow-inc_t-flow_AYpwkJtAXot6655Pl1ad
  - sonar.projectName=T Flow
  - sonar.projectVersion=1.4.1
  - sonar.scanner.app=ScannerCli
  - sonar.scanner.appVersion=3.1.0.1141
  - sonar.sensor=typescript
  - sonar.sourceEncoding=windows-1252
  - sonar.sources=src/
  - sonar.test.inclusions=**/*.spec.ts
  - sonar.testExecutionReportPaths=./test-report.xml
  - sonar.tests=src/app
  - sonar.token=******
  - sonar.typescript.lcov.reportPaths=./coverage/lcov.info
  - sonar.typescript.tsConfigPath=./tsconfig.json
  - sonar.verbose=true
  - sonar.working.directory=D:\Windows\Bureau\t-flow\.scannerwork
